\BOOKMARK [1][-]{section.1}{\376\377\000E\000l\000\040\000e\000c\000o\000\040\000d\000e\000\040\000l\000o\000s\000\040\000a\000n\000t\000i\000g\000u\000o\000s}{}% 1
\BOOKMARK [2][-]{subsection.1.1}{\376\377\000M\000e\000r\000c\000a\000d\000o\000\040\000d\000e\000\040\000K\000a\000r\000n\000a\000k\000\040\000-\000\040\000D\000e\000s\000i\000e\000r\000t\000o\000\040\000d\000e\000\040\000A\000m\000o\000n\000-\000R\000a}{section.1}% 2
\BOOKMARK [1][-]{section.2}{\376\377\000T\000e\000x\000t}{}% 3
\BOOKMARK [2][-]{subsection.2.1}{\376\377\000S\000p\000e\000c\000i\000f\000i\000c\000a\000t\000i\000o\000n\000s}{section.2}% 4
\BOOKMARK [2][-]{subsection.2.2}{\376\377\000T\000e\000x\000t}{section.2}% 5
\BOOKMARK [3][-]{subsubsection.2.2.1}{\376\377\000N\000o\000r\000m\000a\000l\000\040\000T\000e\000x\000t}{subsection.2.2}% 6
\BOOKMARK [3][-]{subsubsection.2.2.2}{\376\377\000B\000o\000l\000d\000\040\000T\000e\000x\000t}{subsection.2.2}% 7
\BOOKMARK [3][-]{subsubsection.2.2.3}{\376\377\000I\000t\000a\000l\000i\000c\000\040\000T\000e\000x\000t}{subsection.2.2}% 8
\BOOKMARK [3][-]{subsubsection.2.2.4}{\376\377\000B\000o\000l\000d\000\040\000a\000n\000d\000\040\000I\000t\000a\000l\000i\000c\000\040\000T\000e\000x\000t}{subsection.2.2}% 9
\BOOKMARK [3][-]{subsubsection.2.2.5}{\376\377\000T\000w\000o\000\040\000c\000o\000l\000u\000m\000n\000\040\000T\000e\000x\000t}{subsection.2.2}% 10
\BOOKMARK [3][-]{subsubsection.2.2.6}{\376\377\000I\000t\000e\000m\000i\000z\000e}{subsection.2.2}% 11
\BOOKMARK [2][-]{subsection.2.3}{\376\377\000H\000y\000p\000e\000r\000r\000e\000f}{section.2}% 12
\BOOKMARK [2][-]{subsection.2.4}{\376\377\000B\000i\000b\000l\000a\000t\000e\000x}{section.2}% 13
\BOOKMARK [3][-]{subsubsection.2.4.1}{\376\377\000C\000i\000t\000e}{subsection.2.4}% 14
\BOOKMARK [2][-]{subsection.2.5}{\376\377\000F\000o\000o\000t\000e\000r}{section.2}% 15
\BOOKMARK [1][-]{section.3}{\376\377\000B\000l\000o\000c\000k\000s}{}% 16
\BOOKMARK [2][-]{subsection.3.1}{\376\377\000Q\000u\000o\000t\000e\000\040\000b\000l\000o\000c\000k\000s}{section.3}% 17
\BOOKMARK [3][-]{subsubsection.3.1.1}{\376\377\000Q\000u\000o\000t\000e\000\040\000b\000l\000o\000c\000k\000\040\0001}{subsection.3.1}% 18
\BOOKMARK [3][-]{subsubsection.3.1.2}{\376\377\000Q\000u\000o\000t\000e\000\040\000b\000l\000o\000c\000k\000\040\0002}{subsection.3.1}% 19
\BOOKMARK [3][-]{subsubsection.3.1.3}{\376\377\000Q\000u\000o\000t\000e\000\040\000b\000l\000o\000c\000k\000\040\0003}{subsection.3.1}% 20
\BOOKMARK [3][-]{subsubsection.3.1.4}{\376\377\000Q\000u\000o\000t\000e\000\040\000b\000l\000o\000c\000k\000\040\0004}{subsection.3.1}% 21
\BOOKMARK [3][-]{subsubsection.3.1.5}{\376\377\000Q\000u\000o\000t\000e\000\040\000b\000l\000o\000c\000k\000\040\0005}{subsection.3.1}% 22
\BOOKMARK [2][-]{subsection.3.2}{\376\377\000C\000o\000d\000i\000n\000g\000\040\000B\000l\000o\000c\000k\000s}{section.3}% 23
\BOOKMARK [3][-]{subsubsection.3.2.1}{\376\377\000C\000o\000d\000i\000n\000g\000\040\000B\000l\000o\000c\000k\000\040\0001}{subsection.3.2}% 24
\BOOKMARK [3][-]{subsubsection.3.2.2}{\376\377\000C\000o\000d\000i\000n\000g\000\040\000B\000l\000o\000c\000k\000\040\0002}{subsection.3.2}% 25
\BOOKMARK [1][-]{section.4}{\376\377\000T\000I\000k\000z}{}% 26
\BOOKMARK [2][-]{subsection.4.1}{\376\377\000E\000x\000a\000m\000p\000l\000e\000\040\000-\000\040\000B\000u\000c\000k\000e\000t\000\040\000S\0003}{section.4}% 27
\BOOKMARK [2][-]{subsection.4.2}{\376\377\000E\000x\000a\000m\000p\000l\000e\000\040\000-\000\040\000V\000M\000\040\000a\000n\000d\000\040\000c\000o\000n\000t\000a\000i\000n\000e\000r\000\040\000c\000o\000m\000p\000a\000r\000i\000s\000o\000n}{section.4}% 28
\BOOKMARK [2][-]{subsection.4.3}{\376\377\000E\000x\000a\000m\000p\000l\000e\000\040\000-\000\040\000M\000a\000t\000h\000\040\000g\000e\000o\000m\000e\000t\000r\000y}{section.4}% 29
\BOOKMARK [1][-]{section.5}{\376\377\000T\000a\000b\000u\000l\000a\000r}{}% 30
\BOOKMARK [2][-]{subsection.5.1}{\376\377\000E\000x\000a\000m\000p\000l\000e\000\040\000-\000\040\000T\000a\000b\000u\000l\000a\000r}{section.5}% 31
\BOOKMARK [1][-]{section.6}{\376\377\000G\000r\000a\000p\000h\000i\000c\000s}{}% 32
\BOOKMARK [2][-]{subsection.6.1}{\376\377\000E\000x\000a\000m\000p\000l\000e\000\040\000-\000\040\000N\000i\000e\000r\000\040\000i\000m\000a\000g\000e\000\040\000w\000r\000a\000p}{section.6}% 33
\BOOKMARK [1][-]{section.7}{\376\377\000D\000e\000s\000i\000g\000n}{}% 34
\BOOKMARK [2][-]{subsection.7.1}{\376\377\000S\000y\000m\000b\000o\000l\000s}{section.7}% 35
\BOOKMARK [2][-]{subsection.7.2}{\376\377\000C\000o\000l\000o\000r\000s}{section.7}% 36
